TN:
SF:src\modules\accounts\useCases\createuser\CreateUserController.ts
FN:1,(empty-report)
FNF:1
FNH:0
FNDA:0,(empty-report)
DA:1,0
DA:2,0
DA:3,0
DA:4,0
DA:5,0
DA:6,0
DA:7,0
DA:8,0
DA:9,0
DA:10,0
DA:11,0
DA:12,0
DA:13,0
DA:14,0
DA:15,0
DA:16,0
DA:17,0
DA:18,0
DA:19,0
DA:20,0
DA:21,0
DA:22,0
DA:23,0
DA:24,0
DA:25,0
DA:26,0
LF:26
LH:0
BRDA:1,0,0,0
BRF:1
BRH:0
end_of_record
TN:
SF:src\modules\accounts\useCases\createuser\CreateUserUseCase.ts
FN:9,CreateUserUseCase
FN:18,Object.<anonymous>.CreateUserUseCase.execute
FNF:2
FNH:2
FNDA:3,CreateUserUseCase
FNDA:5,Object.<anonymous>.CreateUserUseCase.execute
DA:1,1
DA:2,1
DA:3,1
DA:4,1
DA:5,1
DA:6,1
DA:7,1
DA:8,1
DA:9,1
DA:10,3
DA:11,3
DA:12,3
DA:13,3
DA:14,3
DA:15,3
DA:16,3
DA:17,1
DA:18,1
DA:19,5
DA:20,5
DA:21,5
DA:22,1
DA:23,1
DA:24,4
DA:25,4
DA:26,5
DA:27,5
DA:28,1
DA:29,1
DA:30,3
DA:31,3
DA:32,5
DA:33,5
DA:34,5
DA:35,5
DA:36,5
DA:37,5
DA:38,5
DA:39,5
DA:40,5
DA:41,1
DA:42,1
DA:43,1
LF:43
LH:43
BRDA:8,0,0,1
BRDA:9,1,0,3
BRDA:18,2,0,5
BRDA:19,3,0,5
BRDA:21,4,0,1
BRDA:24,5,0,4
BRDA:27,6,0,1
BRDA:30,7,0,3
BRF:8
BRH:8
end_of_record
